<?xml version="1.0" encoding="UTF-8"?>
<testsuite xmlns:xsi="http://www.w3.org/2001/XMLSchema-instance" xsi:noNamespaceSchemaLocation="https://maven.apache.org/surefire/maven-surefire-plugin/xsd/surefire-test-report-3.0.xsd" version="3.0" name="com.airscholar.spark.AppTest" time="0.012" tests="1" errors="0" skipped="0" failures="0">
  <properties>
    <property name="java.specification.version" value="17"/>
    <property name="sun.cpu.isalist" value="amd64"/>
    <property name="sun.jnu.encoding" value="Cp1252"/>
    <property name="java.class.path" value="C:\Users\Or\PycharmProjects\SparkingFlow\jobs\java\java-spark\target\test-classes;C:\Users\Or\PycharmProjects\SparkingFlow\jobs\java\java-spark\target\classes;C:\Users\Or\.m2\repository\junit\junit\3.8.1\junit-3.8.1.jar;C:\Users\Or\.m2\repository\org\apache\spark\spark-sql_2.13\3.2.1\spark-sql_2.13-3.2.1.jar;C:\Users\Or\.m2\repository\org\rocksdb\rocksdbjni\6.20.3\rocksdbjni-6.20.3.jar;C:\Users\Or\.m2\repository\com\univocity\univocity-parsers\2.9.1\univocity-parsers-2.9.1.jar;C:\Users\Or\.m2\repository\org\apache\spark\spark-sketch_2.13\3.2.1\spark-sketch_2.13-3.2.1.jar;C:\Users\Or\.m2\repository\org\apache\spark\spark-core_2.13\3.2.1\spark-core_2.13-3.2.1.jar;C:\Users\Or\.m2\repository\org\apache\avro\avro\1.10.2\avro-1.10.2.jar;C:\Users\Or\.m2\repository\org\apache\commons\commons-compress\1.20\commons-compress-1.20.jar;C:\Users\Or\.m2\repository\org\apache\avro\avro-mapred\1.10.2\avro-mapred-1.10.2.jar;C:\Users\Or\.m2\repository\org\apache\avro\avro-ipc\1.10.2\avro-ipc-1.10.2.jar;C:\Users\Or\.m2\repository\org\tukaani\xz\1.8\xz-1.8.jar;C:\Users\Or\.m2\repository\com\twitter\chill_2.13\0.10.0\chill_2.13-0.10.0.jar;C:\Users\Or\.m2\repository\com\esotericsoftware\kryo-shaded\4.0.2\kryo-shaded-4.0.2.jar;C:\Users\Or\.m2\repository\com\esotericsoftware\minlog\1.3.0\minlog-1.3.0.jar;C:\Users\Or\.m2\repository\org\objenesis\objenesis\2.5.1\objenesis-2.5.1.jar;C:\Users\Or\.m2\repository\com\twitter\chill-java\0.10.0\chill-java-0.10.0.jar;C:\Users\Or\.m2\repository\org\apache\hadoop\hadoop-client-api\3.3.1\hadoop-client-api-3.3.1.jar;C:\Users\Or\.m2\repository\org\apache\hadoop\hadoop-client-runtime\3.3.1\hadoop-client-runtime-3.3.1.jar;C:\Users\Or\.m2\repository\org\apache\htrace\htrace-core4\4.1.0-incubating\htrace-core4-4.1.0-incubating.jar;C:\Users\Or\.m2\repository\commons-logging\commons-logging\1.1.3\commons-logging-1.1.3.jar;C:\Users\Or\.m2\repository\org\apache\spark\spark-launcher_2.13\3.2.1\spark-launcher_2.13-3.2.1.jar;C:\Users\Or\.m2\repository\org\apache\spark\spark-kvstore_2.13\3.2.1\spark-kvstore_2.13-3.2.1.jar;C:\Users\Or\.m2\repository\org\fusesource\leveldbjni\leveldbjni-all\1.8\leveldbjni-all-1.8.jar;C:\Users\Or\.m2\repository\org\apache\spark\spark-network-common_2.13\3.2.1\spark-network-common_2.13-3.2.1.jar;C:\Users\Or\.m2\repository\com\google\crypto\tink\tink\1.6.0\tink-1.6.0.jar;C:\Users\Or\.m2\repository\com\google\code\gson\gson\2.8.6\gson-2.8.6.jar;C:\Users\Or\.m2\repository\org\apache\spark\spark-network-shuffle_2.13\3.2.1\spark-network-shuffle_2.13-3.2.1.jar;C:\Users\Or\.m2\repository\org\apache\spark\spark-unsafe_2.13\3.2.1\spark-unsafe_2.13-3.2.1.jar;C:\Users\Or\.m2\repository\javax\activation\activation\1.1.1\activation-1.1.1.jar;C:\Users\Or\.m2\repository\org\apache\curator\curator-recipes\2.13.0\curator-recipes-2.13.0.jar;C:\Users\Or\.m2\repository\org\apache\curator\curator-framework\2.13.0\curator-framework-2.13.0.jar;C:\Users\Or\.m2\repository\org\apache\curator\curator-client\2.13.0\curator-client-2.13.0.jar;C:\Users\Or\.m2\repository\com\google\guava\guava\16.0.1\guava-16.0.1.jar;C:\Users\Or\.m2\repository\org\apache\zookeeper\zookeeper\3.6.2\zookeeper-3.6.2.jar;C:\Users\Or\.m2\repository\commons-lang\commons-lang\2.6\commons-lang-2.6.jar;C:\Users\Or\.m2\repository\org\apache\zookeeper\zookeeper-jute\3.6.2\zookeeper-jute-3.6.2.jar;C:\Users\Or\.m2\repository\org\apache\yetus\audience-annotations\0.5.0\audience-annotations-0.5.0.jar;C:\Users\Or\.m2\repository\jakarta\servlet\jakarta.servlet-api\4.0.3\jakarta.servlet-api-4.0.3.jar;C:\Users\Or\.m2\repository\commons-codec\commons-codec\1.15\commons-codec-1.15.jar;C:\Users\Or\.m2\repository\org\apache\commons\commons-lang3\3.12.0\commons-lang3-3.12.0.jar;C:\Users\Or\.m2\repository\org\apache\commons\commons-math3\3.4.1\commons-math3-3.4.1.jar;C:\Users\Or\.m2\repository\org\apache\commons\commons-text\1.6\commons-text-1.6.jar;C:\Users\Or\.m2\repository\commons-io\commons-io\2.8.0\commons-io-2.8.0.jar;C:\Users\Or\.m2\repository\commons-collections\commons-collections\3.2.2\commons-collections-3.2.2.jar;C:\Users\Or\.m2\repository\com\google\code\findbugs\jsr305\3.0.0\jsr305-3.0.0.jar;C:\Users\Or\.m2\repository\org\slf4j\slf4j-api\1.7.30\slf4j-api-1.7.30.jar;C:\Users\Or\.m2\repository\org\slf4j\jul-to-slf4j\1.7.30\jul-to-slf4j-1.7.30.jar;C:\Users\Or\.m2\repository\org\slf4j\jcl-over-slf4j\1.7.30\jcl-over-slf4j-1.7.30.jar;C:\Users\Or\.m2\repository\log4j\log4j\1.2.17\log4j-1.2.17.jar;C:\Users\Or\.m2\repository\org\slf4j\slf4j-log4j12\1.7.30\slf4j-log4j12-1.7.30.jar;C:\Users\Or\.m2\repository\com\ning\compress-lzf\1.0.3\compress-lzf-1.0.3.jar;C:\Users\Or\.m2\repository\org\xerial\snappy\snappy-java\1.1.8.4\snappy-java-1.1.8.4.jar;C:\Users\Or\.m2\repository\org\lz4\lz4-java\1.7.1\lz4-java-1.7.1.jar;C:\Users\Or\.m2\repository\com\github\luben\zstd-jni\1.5.0-4\zstd-jni-1.5.0-4.jar;C:\Users\Or\.m2\repository\org\roaringbitmap\RoaringBitmap\0.9.0\RoaringBitmap-0.9.0.jar;C:\Users\Or\.m2\repository\org\roaringbitmap\shims\0.9.0\shims-0.9.0.jar;C:\Users\Or\.m2\repository\commons-net\commons-net\3.1\commons-net-3.1.jar;C:\Users\Or\.m2\repository\org\scala-lang\modules\scala-xml_2.13\1.2.0\scala-xml_2.13-1.2.0.jar;C:\Users\Or\.m2\repository\org\scala-lang\scala-library\2.13.5\scala-library-2.13.5.jar;C:\Users\Or\.m2\repository\org\scala-lang\scala-reflect\2.13.5\scala-reflect-2.13.5.jar;C:\Users\Or\.m2\repository\org\json4s\json4s-jackson_2.13\3.7.0-M11\json4s-jackson_2.13-3.7.0-M11.jar;C:\Users\Or\.m2\repository\org\json4s\json4s-core_2.13\3.7.0-M11\json4s-core_2.13-3.7.0-M11.jar;C:\Users\Or\.m2\repository\org\json4s\json4s-ast_2.13\3.7.0-M11\json4s-ast_2.13-3.7.0-M11.jar;C:\Users\Or\.m2\repository\org\json4s\json4s-scalap_2.13\3.7.0-M11\json4s-scalap_2.13-3.7.0-M11.jar;C:\Users\Or\.m2\repository\org\glassfish\jersey\core\jersey-client\2.34\jersey-client-2.34.jar;C:\Users\Or\.m2\repository\jakarta\ws\rs\jakarta.ws.rs-api\2.1.6\jakarta.ws.rs-api-2.1.6.jar;C:\Users\Or\.m2\repository\org\glassfish\hk2\external\jakarta.inject\2.6.1\jakarta.inject-2.6.1.jar;C:\Users\Or\.m2\repository\org\glassfish\jersey\core\jersey-common\2.34\jersey-common-2.34.jar;C:\Users\Or\.m2\repository\jakarta\annotation\jakarta.annotation-api\1.3.5\jakarta.annotation-api-1.3.5.jar;C:\Users\Or\.m2\repository\org\glassfish\hk2\osgi-resource-locator\1.0.3\osgi-resource-locator-1.0.3.jar;C:\Users\Or\.m2\repository\org\glassfish\jersey\core\jersey-server\2.34\jersey-server-2.34.jar;C:\Users\Or\.m2\repository\jakarta\validation\jakarta.validation-api\2.0.2\jakarta.validation-api-2.0.2.jar;C:\Users\Or\.m2\repository\org\glassfish\jersey\containers\jersey-container-servlet\2.34\jersey-container-servlet-2.34.jar;C:\Users\Or\.m2\repository\org\glassfish\jersey\containers\jersey-container-servlet-core\2.34\jersey-container-servlet-core-2.34.jar;C:\Users\Or\.m2\repository\org\glassfish\jersey\inject\jersey-hk2\2.34\jersey-hk2-2.34.jar;C:\Users\Or\.m2\repository\org\glassfish\hk2\hk2-locator\2.6.1\hk2-locator-2.6.1.jar;C:\Users\Or\.m2\repository\org\glassfish\hk2\external\aopalliance-repackaged\2.6.1\aopalliance-repackaged-2.6.1.jar;C:\Users\Or\.m2\repository\org\glassfish\hk2\hk2-api\2.6.1\hk2-api-2.6.1.jar;C:\Users\Or\.m2\repository\org\glassfish\hk2\hk2-utils\2.6.1\hk2-utils-2.6.1.jar;C:\Users\Or\.m2\repository\org\javassist\javassist\3.25.0-GA\javassist-3.25.0-GA.jar;C:\Users\Or\.m2\repository\io\netty\netty-all\4.1.68.Final\netty-all-4.1.68.Final.jar;C:\Users\Or\.m2\repository\com\clearspring\analytics\stream\2.9.6\stream-2.9.6.jar;C:\Users\Or\.m2\repository\io\dropwizard\metrics\metrics-core\4.2.0\metrics-core-4.2.0.jar;C:\Users\Or\.m2\repository\io\dropwizard\metrics\metrics-jvm\4.2.0\metrics-jvm-4.2.0.jar;C:\Users\Or\.m2\repository\io\dropwizard\metrics\metrics-json\4.2.0\metrics-json-4.2.0.jar;C:\Users\Or\.m2\repository\io\dropwizard\metrics\metrics-graphite\4.2.0\metrics-graphite-4.2.0.jar;C:\Users\Or\.m2\repository\io\dropwizard\metrics\metrics-jmx\4.2.0\metrics-jmx-4.2.0.jar;C:\Users\Or\.m2\repository\com\fasterxml\jackson\module\jackson-module-scala_2.13\2.12.3\jackson-module-scala_2.13-2.12.3.jar;C:\Users\Or\.m2\repository\com\thoughtworks\paranamer\paranamer\2.8\paranamer-2.8.jar;C:\Users\Or\.m2\repository\org\apache\ivy\ivy\2.5.0\ivy-2.5.0.jar;C:\Users\Or\.m2\repository\oro\oro\2.0.8\oro-2.0.8.jar;C:\Users\Or\.m2\repository\net\razorvine\pyrolite\4.30\pyrolite-4.30.jar;C:\Users\Or\.m2\repository\net\sf\py4j\py4j\0.10.9.3\py4j-0.10.9.3.jar;C:\Users\Or\.m2\repository\org\apache\commons\commons-crypto\1.1.0\commons-crypto-1.1.0.jar;C:\Users\Or\.m2\repository\org\apache\spark\spark-catalyst_2.13\3.2.1\spark-catalyst_2.13-3.2.1.jar;C:\Users\Or\.m2\repository\org\scala-lang\modules\scala-parser-combinators_2.13\1.1.2\scala-parser-combinators_2.13-1.1.2.jar;C:\Users\Or\.m2\repository\org\codehaus\janino\janino\3.0.16\janino-3.0.16.jar;C:\Users\Or\.m2\repository\org\codehaus\janino\commons-compiler\3.0.16\commons-compiler-3.0.16.jar;C:\Users\Or\.m2\repository\org\antlr\antlr4-runtime\4.8\antlr4-runtime-4.8.jar;C:\Users\Or\.m2\repository\javax\xml\bind\jaxb-api\2.2.11\jaxb-api-2.2.11.jar;C:\Users\Or\.m2\repository\org\apache\arrow\arrow-vector\2.0.0\arrow-vector-2.0.0.jar;C:\Users\Or\.m2\repository\org\apache\arrow\arrow-format\2.0.0\arrow-format-2.0.0.jar;C:\Users\Or\.m2\repository\org\apache\arrow\arrow-memory-core\2.0.0\arrow-memory-core-2.0.0.jar;C:\Users\Or\.m2\repository\com\google\flatbuffers\flatbuffers-java\1.9.0\flatbuffers-java-1.9.0.jar;C:\Users\Or\.m2\repository\org\apache\arrow\arrow-memory-netty\2.0.0\arrow-memory-netty-2.0.0.jar;C:\Users\Or\.m2\repository\org\apache\spark\spark-tags_2.13\3.2.1\spark-tags_2.13-3.2.1.jar;C:\Users\Or\.m2\repository\org\scala-lang\modules\scala-parallel-collections_2.13\1.0.3\scala-parallel-collections_2.13-1.0.3.jar;C:\Users\Or\.m2\repository\org\apache\orc\orc-core\1.6.12\orc-core-1.6.12.jar;C:\Users\Or\.m2\repository\org\apache\orc\orc-shims\1.6.12\orc-shims-1.6.12.jar;C:\Users\Or\.m2\repository\com\google\protobuf\protobuf-java\2.5.0\protobuf-java-2.5.0.jar;C:\Users\Or\.m2\repository\io\airlift\aircompressor\0.21\aircompressor-0.21.jar;C:\Users\Or\.m2\repository\org\jetbrains\annotations\17.0.0\annotations-17.0.0.jar;C:\Users\Or\.m2\repository\org\threeten\threeten-extra\1.5.0\threeten-extra-1.5.0.jar;C:\Users\Or\.m2\repository\org\apache\orc\orc-mapreduce\1.6.12\orc-mapreduce-1.6.12.jar;C:\Users\Or\.m2\repository\org\apache\hive\hive-storage-api\2.7.2\hive-storage-api-2.7.2.jar;C:\Users\Or\.m2\repository\org\apache\parquet\parquet-column\1.12.2\parquet-column-1.12.2.jar;C:\Users\Or\.m2\repository\org\apache\parquet\parquet-common\1.12.2\parquet-common-1.12.2.jar;C:\Users\Or\.m2\repository\org\apache\parquet\parquet-encoding\1.12.2\parquet-encoding-1.12.2.jar;C:\Users\Or\.m2\repository\org\apache\parquet\parquet-hadoop\1.12.2\parquet-hadoop-1.12.2.jar;C:\Users\Or\.m2\repository\org\apache\parquet\parquet-format-structures\1.12.2\parquet-format-structures-1.12.2.jar;C:\Users\Or\.m2\repository\org\apache\parquet\parquet-jackson\1.12.2\parquet-jackson-1.12.2.jar;C:\Users\Or\.m2\repository\com\fasterxml\jackson\core\jackson-databind\2.12.3\jackson-databind-2.12.3.jar;C:\Users\Or\.m2\repository\com\fasterxml\jackson\core\jackson-annotations\2.12.3\jackson-annotations-2.12.3.jar;C:\Users\Or\.m2\repository\com\fasterxml\jackson\core\jackson-core\2.12.3\jackson-core-2.12.3.jar;C:\Users\Or\.m2\repository\org\apache\xbean\xbean-asm9-shaded\4.20\xbean-asm9-shaded-4.20.jar;C:\Users\Or\.m2\repository\org\spark-project\spark\unused\1.0.0\unused-1.0.0.jar;"/>
    <property name="java.vm.vendor" value="Eclipse Adoptium"/>
    <property name="sun.arch.data.model" value="64"/>
    <property name="user.variant" value=""/>
    <property name="java.vendor.url" value="https://adoptium.net/"/>
    <property name="user.timezone" value="Asia/Jerusalem"/>
    <property name="user.country.format" value="IL"/>
    <property name="os.name" value="Windows 11"/>
    <property name="java.vm.specification.version" value="17"/>
    <property name="sun.java.launcher" value="SUN_STANDARD"/>
    <property name="user.country" value="US"/>
    <property name="sun.boot.library.path" value="C:\Program Files\Eclipse Adoptium\jdk-17.0.13.11-hotspot\bin"/>
    <property name="sun.java.command" value="C:\Users\Or\AppData\Local\Temp\surefire9774735114165005420\surefirebooter-20241210204636069_3.jar C:\Users\Or\AppData\Local\Temp\surefire9774735114165005420 2024-12-10T20-46-35_690-jvmRun1 surefire-20241210204636069_1tmp surefire_0-20241210204636069_2tmp"/>
    <property name="jdk.debug" value="release"/>
    <property name="surefire.test.class.path" value="C:\Users\Or\PycharmProjects\SparkingFlow\jobs\java\java-spark\target\test-classes;C:\Users\Or\PycharmProjects\SparkingFlow\jobs\java\java-spark\target\classes;C:\Users\Or\.m2\repository\junit\junit\3.8.1\junit-3.8.1.jar;C:\Users\Or\.m2\repository\org\apache\spark\spark-sql_2.13\3.2.1\spark-sql_2.13-3.2.1.jar;C:\Users\Or\.m2\repository\org\rocksdb\rocksdbjni\6.20.3\rocksdbjni-6.20.3.jar;C:\Users\Or\.m2\repository\com\univocity\univocity-parsers\2.9.1\univocity-parsers-2.9.1.jar;C:\Users\Or\.m2\repository\org\apache\spark\spark-sketch_2.13\3.2.1\spark-sketch_2.13-3.2.1.jar;C:\Users\Or\.m2\repository\org\apache\spark\spark-core_2.13\3.2.1\spark-core_2.13-3.2.1.jar;C:\Users\Or\.m2\repository\org\apache\avro\avro\1.10.2\avro-1.10.2.jar;C:\Users\Or\.m2\repository\org\apache\commons\commons-compress\1.20\commons-compress-1.20.jar;C:\Users\Or\.m2\repository\org\apache\avro\avro-mapred\1.10.2\avro-mapred-1.10.2.jar;C:\Users\Or\.m2\repository\org\apache\avro\avro-ipc\1.10.2\avro-ipc-1.10.2.jar;C:\Users\Or\.m2\repository\org\tukaani\xz\1.8\xz-1.8.jar;C:\Users\Or\.m2\repository\com\twitter\chill_2.13\0.10.0\chill_2.13-0.10.0.jar;C:\Users\Or\.m2\repository\com\esotericsoftware\kryo-shaded\4.0.2\kryo-shaded-4.0.2.jar;C:\Users\Or\.m2\repository\com\esotericsoftware\minlog\1.3.0\minlog-1.3.0.jar;C:\Users\Or\.m2\repository\org\objenesis\objenesis\2.5.1\objenesis-2.5.1.jar;C:\Users\Or\.m2\repository\com\twitter\chill-java\0.10.0\chill-java-0.10.0.jar;C:\Users\Or\.m2\repository\org\apache\hadoop\hadoop-client-api\3.3.1\hadoop-client-api-3.3.1.jar;C:\Users\Or\.m2\repository\org\apache\hadoop\hadoop-client-runtime\3.3.1\hadoop-client-runtime-3.3.1.jar;C:\Users\Or\.m2\repository\org\apache\htrace\htrace-core4\4.1.0-incubating\htrace-core4-4.1.0-incubating.jar;C:\Users\Or\.m2\repository\commons-logging\commons-logging\1.1.3\commons-logging-1.1.3.jar;C:\Users\Or\.m2\repository\org\apache\spark\spark-launcher_2.13\3.2.1\spark-launcher_2.13-3.2.1.jar;C:\Users\Or\.m2\repository\org\apache\spark\spark-kvstore_2.13\3.2.1\spark-kvstore_2.13-3.2.1.jar;C:\Users\Or\.m2\repository\org\fusesource\leveldbjni\leveldbjni-all\1.8\leveldbjni-all-1.8.jar;C:\Users\Or\.m2\repository\org\apache\spark\spark-network-common_2.13\3.2.1\spark-network-common_2.13-3.2.1.jar;C:\Users\Or\.m2\repository\com\google\crypto\tink\tink\1.6.0\tink-1.6.0.jar;C:\Users\Or\.m2\repository\com\google\code\gson\gson\2.8.6\gson-2.8.6.jar;C:\Users\Or\.m2\repository\org\apache\spark\spark-network-shuffle_2.13\3.2.1\spark-network-shuffle_2.13-3.2.1.jar;C:\Users\Or\.m2\repository\org\apache\spark\spark-unsafe_2.13\3.2.1\spark-unsafe_2.13-3.2.1.jar;C:\Users\Or\.m2\repository\javax\activation\activation\1.1.1\activation-1.1.1.jar;C:\Users\Or\.m2\repository\org\apache\curator\curator-recipes\2.13.0\curator-recipes-2.13.0.jar;C:\Users\Or\.m2\repository\org\apache\curator\curator-framework\2.13.0\curator-framework-2.13.0.jar;C:\Users\Or\.m2\repository\org\apache\curator\curator-client\2.13.0\curator-client-2.13.0.jar;C:\Users\Or\.m2\repository\com\google\guava\guava\16.0.1\guava-16.0.1.jar;C:\Users\Or\.m2\repository\org\apache\zookeeper\zookeeper\3.6.2\zookeeper-3.6.2.jar;C:\Users\Or\.m2\repository\commons-lang\commons-lang\2.6\commons-lang-2.6.jar;C:\Users\Or\.m2\repository\org\apache\zookeeper\zookeeper-jute\3.6.2\zookeeper-jute-3.6.2.jar;C:\Users\Or\.m2\repository\org\apache\yetus\audience-annotations\0.5.0\audience-annotations-0.5.0.jar;C:\Users\Or\.m2\repository\jakarta\servlet\jakarta.servlet-api\4.0.3\jakarta.servlet-api-4.0.3.jar;C:\Users\Or\.m2\repository\commons-codec\commons-codec\1.15\commons-codec-1.15.jar;C:\Users\Or\.m2\repository\org\apache\commons\commons-lang3\3.12.0\commons-lang3-3.12.0.jar;C:\Users\Or\.m2\repository\org\apache\commons\commons-math3\3.4.1\commons-math3-3.4.1.jar;C:\Users\Or\.m2\repository\org\apache\commons\commons-text\1.6\commons-text-1.6.jar;C:\Users\Or\.m2\repository\commons-io\commons-io\2.8.0\commons-io-2.8.0.jar;C:\Users\Or\.m2\repository\commons-collections\commons-collections\3.2.2\commons-collections-3.2.2.jar;C:\Users\Or\.m2\repository\com\google\code\findbugs\jsr305\3.0.0\jsr305-3.0.0.jar;C:\Users\Or\.m2\repository\org\slf4j\slf4j-api\1.7.30\slf4j-api-1.7.30.jar;C:\Users\Or\.m2\repository\org\slf4j\jul-to-slf4j\1.7.30\jul-to-slf4j-1.7.30.jar;C:\Users\Or\.m2\repository\org\slf4j\jcl-over-slf4j\1.7.30\jcl-over-slf4j-1.7.30.jar;C:\Users\Or\.m2\repository\log4j\log4j\1.2.17\log4j-1.2.17.jar;C:\Users\Or\.m2\repository\org\slf4j\slf4j-log4j12\1.7.30\slf4j-log4j12-1.7.30.jar;C:\Users\Or\.m2\repository\com\ning\compress-lzf\1.0.3\compress-lzf-1.0.3.jar;C:\Users\Or\.m2\repository\org\xerial\snappy\snappy-java\1.1.8.4\snappy-java-1.1.8.4.jar;C:\Users\Or\.m2\repository\org\lz4\lz4-java\1.7.1\lz4-java-1.7.1.jar;C:\Users\Or\.m2\repository\com\github\luben\zstd-jni\1.5.0-4\zstd-jni-1.5.0-4.jar;C:\Users\Or\.m2\repository\org\roaringbitmap\RoaringBitmap\0.9.0\RoaringBitmap-0.9.0.jar;C:\Users\Or\.m2\repository\org\roaringbitmap\shims\0.9.0\shims-0.9.0.jar;C:\Users\Or\.m2\repository\commons-net\commons-net\3.1\commons-net-3.1.jar;C:\Users\Or\.m2\repository\org\scala-lang\modules\scala-xml_2.13\1.2.0\scala-xml_2.13-1.2.0.jar;C:\Users\Or\.m2\repository\org\scala-lang\scala-library\2.13.5\scala-library-2.13.5.jar;C:\Users\Or\.m2\repository\org\scala-lang\scala-reflect\2.13.5\scala-reflect-2.13.5.jar;C:\Users\Or\.m2\repository\org\json4s\json4s-jackson_2.13\3.7.0-M11\json4s-jackson_2.13-3.7.0-M11.jar;C:\Users\Or\.m2\repository\org\json4s\json4s-core_2.13\3.7.0-M11\json4s-core_2.13-3.7.0-M11.jar;C:\Users\Or\.m2\repository\org\json4s\json4s-ast_2.13\3.7.0-M11\json4s-ast_2.13-3.7.0-M11.jar;C:\Users\Or\.m2\repository\org\json4s\json4s-scalap_2.13\3.7.0-M11\json4s-scalap_2.13-3.7.0-M11.jar;C:\Users\Or\.m2\repository\org\glassfish\jersey\core\jersey-client\2.34\jersey-client-2.34.jar;C:\Users\Or\.m2\repository\jakarta\ws\rs\jakarta.ws.rs-api\2.1.6\jakarta.ws.rs-api-2.1.6.jar;C:\Users\Or\.m2\repository\org\glassfish\hk2\external\jakarta.inject\2.6.1\jakarta.inject-2.6.1.jar;C:\Users\Or\.m2\repository\org\glassfish\jersey\core\jersey-common\2.34\jersey-common-2.34.jar;C:\Users\Or\.m2\repository\jakarta\annotation\jakarta.annotation-api\1.3.5\jakarta.annotation-api-1.3.5.jar;C:\Users\Or\.m2\repository\org\glassfish\hk2\osgi-resource-locator\1.0.3\osgi-resource-locator-1.0.3.jar;C:\Users\Or\.m2\repository\org\glassfish\jersey\core\jersey-server\2.34\jersey-server-2.34.jar;C:\Users\Or\.m2\repository\jakarta\validation\jakarta.validation-api\2.0.2\jakarta.validation-api-2.0.2.jar;C:\Users\Or\.m2\repository\org\glassfish\jersey\containers\jersey-container-servlet\2.34\jersey-container-servlet-2.34.jar;C:\Users\Or\.m2\repository\org\glassfish\jersey\containers\jersey-container-servlet-core\2.34\jersey-container-servlet-core-2.34.jar;C:\Users\Or\.m2\repository\org\glassfish\jersey\inject\jersey-hk2\2.34\jersey-hk2-2.34.jar;C:\Users\Or\.m2\repository\org\glassfish\hk2\hk2-locator\2.6.1\hk2-locator-2.6.1.jar;C:\Users\Or\.m2\repository\org\glassfish\hk2\external\aopalliance-repackaged\2.6.1\aopalliance-repackaged-2.6.1.jar;C:\Users\Or\.m2\repository\org\glassfish\hk2\hk2-api\2.6.1\hk2-api-2.6.1.jar;C:\Users\Or\.m2\repository\org\glassfish\hk2\hk2-utils\2.6.1\hk2-utils-2.6.1.jar;C:\Users\Or\.m2\repository\org\javassist\javassist\3.25.0-GA\javassist-3.25.0-GA.jar;C:\Users\Or\.m2\repository\io\netty\netty-all\4.1.68.Final\netty-all-4.1.68.Final.jar;C:\Users\Or\.m2\repository\com\clearspring\analytics\stream\2.9.6\stream-2.9.6.jar;C:\Users\Or\.m2\repository\io\dropwizard\metrics\metrics-core\4.2.0\metrics-core-4.2.0.jar;C:\Users\Or\.m2\repository\io\dropwizard\metrics\metrics-jvm\4.2.0\metrics-jvm-4.2.0.jar;C:\Users\Or\.m2\repository\io\dropwizard\metrics\metrics-json\4.2.0\metrics-json-4.2.0.jar;C:\Users\Or\.m2\repository\io\dropwizard\metrics\metrics-graphite\4.2.0\metrics-graphite-4.2.0.jar;C:\Users\Or\.m2\repository\io\dropwizard\metrics\metrics-jmx\4.2.0\metrics-jmx-4.2.0.jar;C:\Users\Or\.m2\repository\com\fasterxml\jackson\module\jackson-module-scala_2.13\2.12.3\jackson-module-scala_2.13-2.12.3.jar;C:\Users\Or\.m2\repository\com\thoughtworks\paranamer\paranamer\2.8\paranamer-2.8.jar;C:\Users\Or\.m2\repository\org\apache\ivy\ivy\2.5.0\ivy-2.5.0.jar;C:\Users\Or\.m2\repository\oro\oro\2.0.8\oro-2.0.8.jar;C:\Users\Or\.m2\repository\net\razorvine\pyrolite\4.30\pyrolite-4.30.jar;C:\Users\Or\.m2\repository\net\sf\py4j\py4j\0.10.9.3\py4j-0.10.9.3.jar;C:\Users\Or\.m2\repository\org\apache\commons\commons-crypto\1.1.0\commons-crypto-1.1.0.jar;C:\Users\Or\.m2\repository\org\apache\spark\spark-catalyst_2.13\3.2.1\spark-catalyst_2.13-3.2.1.jar;C:\Users\Or\.m2\repository\org\scala-lang\modules\scala-parser-combinators_2.13\1.1.2\scala-parser-combinators_2.13-1.1.2.jar;C:\Users\Or\.m2\repository\org\codehaus\janino\janino\3.0.16\janino-3.0.16.jar;C:\Users\Or\.m2\repository\org\codehaus\janino\commons-compiler\3.0.16\commons-compiler-3.0.16.jar;C:\Users\Or\.m2\repository\org\antlr\antlr4-runtime\4.8\antlr4-runtime-4.8.jar;C:\Users\Or\.m2\repository\javax\xml\bind\jaxb-api\2.2.11\jaxb-api-2.2.11.jar;C:\Users\Or\.m2\repository\org\apache\arrow\arrow-vector\2.0.0\arrow-vector-2.0.0.jar;C:\Users\Or\.m2\repository\org\apache\arrow\arrow-format\2.0.0\arrow-format-2.0.0.jar;C:\Users\Or\.m2\repository\org\apache\arrow\arrow-memory-core\2.0.0\arrow-memory-core-2.0.0.jar;C:\Users\Or\.m2\repository\com\google\flatbuffers\flatbuffers-java\1.9.0\flatbuffers-java-1.9.0.jar;C:\Users\Or\.m2\repository\org\apache\arrow\arrow-memory-netty\2.0.0\arrow-memory-netty-2.0.0.jar;C:\Users\Or\.m2\repository\org\apache\spark\spark-tags_2.13\3.2.1\spark-tags_2.13-3.2.1.jar;C:\Users\Or\.m2\repository\org\scala-lang\modules\scala-parallel-collections_2.13\1.0.3\scala-parallel-collections_2.13-1.0.3.jar;C:\Users\Or\.m2\repository\org\apache\orc\orc-core\1.6.12\orc-core-1.6.12.jar;C:\Users\Or\.m2\repository\org\apache\orc\orc-shims\1.6.12\orc-shims-1.6.12.jar;C:\Users\Or\.m2\repository\com\google\protobuf\protobuf-java\2.5.0\protobuf-java-2.5.0.jar;C:\Users\Or\.m2\repository\io\airlift\aircompressor\0.21\aircompressor-0.21.jar;C:\Users\Or\.m2\repository\org\jetbrains\annotations\17.0.0\annotations-17.0.0.jar;C:\Users\Or\.m2\repository\org\threeten\threeten-extra\1.5.0\threeten-extra-1.5.0.jar;C:\Users\Or\.m2\repository\org\apache\orc\orc-mapreduce\1.6.12\orc-mapreduce-1.6.12.jar;C:\Users\Or\.m2\repository\org\apache\hive\hive-storage-api\2.7.2\hive-storage-api-2.7.2.jar;C:\Users\Or\.m2\repository\org\apache\parquet\parquet-column\1.12.2\parquet-column-1.12.2.jar;C:\Users\Or\.m2\repository\org\apache\parquet\parquet-common\1.12.2\parquet-common-1.12.2.jar;C:\Users\Or\.m2\repository\org\apache\parquet\parquet-encoding\1.12.2\parquet-encoding-1.12.2.jar;C:\Users\Or\.m2\repository\org\apache\parquet\parquet-hadoop\1.12.2\parquet-hadoop-1.12.2.jar;C:\Users\Or\.m2\repository\org\apache\parquet\parquet-format-structures\1.12.2\parquet-format-structures-1.12.2.jar;C:\Users\Or\.m2\repository\org\apache\parquet\parquet-jackson\1.12.2\parquet-jackson-1.12.2.jar;C:\Users\Or\.m2\repository\com\fasterxml\jackson\core\jackson-databind\2.12.3\jackson-databind-2.12.3.jar;C:\Users\Or\.m2\repository\com\fasterxml\jackson\core\jackson-annotations\2.12.3\jackson-annotations-2.12.3.jar;C:\Users\Or\.m2\repository\com\fasterxml\jackson\core\jackson-core\2.12.3\jackson-core-2.12.3.jar;C:\Users\Or\.m2\repository\org\apache\xbean\xbean-asm9-shaded\4.20\xbean-asm9-shaded-4.20.jar;C:\Users\Or\.m2\repository\org\spark-project\spark\unused\1.0.0\unused-1.0.0.jar;"/>
    <property name="sun.cpu.endian" value="little"/>
    <property name="user.home" value="C:\Users\Or"/>
    <property name="user.language" value="en"/>
    <property name="java.specification.vendor" value="Oracle Corporation"/>
    <property name="java.version.date" value="2024-10-15"/>
    <property name="java.home" value="C:\Program Files\Eclipse Adoptium\jdk-17.0.13.11-hotspot"/>
    <property name="file.separator" value="\"/>
    <property name="basedir" value="C:\Users\Or\PycharmProjects\SparkingFlow\jobs\java\java-spark"/>
    <property name="java.vm.compressedOopsMode" value="Zero based"/>
    <property name="line.separator" value="&#10;"/>
    <property name="java.vm.specification.vendor" value="Oracle Corporation"/>
    <property name="java.specification.name" value="Java Platform API Specification"/>
    <property name="surefire.real.class.path" value="C:\Users\Or\AppData\Local\Temp\surefire9774735114165005420\surefirebooter-20241210204636069_3.jar"/>
    <property name="user.script" value=""/>
    <property name="sun.management.compiler" value="HotSpot 64-Bit Tiered Compilers"/>
    <property name="java.runtime.version" value="17.0.13+11"/>
    <property name="user.name" value="Or"/>
    <property name="path.separator" value=";"/>
    <property name="os.version" value="10.0"/>
    <property name="java.runtime.name" value="OpenJDK Runtime Environment"/>
    <property name="file.encoding" value="Cp1252"/>
    <property name="java.vm.name" value="OpenJDK 64-Bit Server VM"/>
    <property name="java.vendor.version" value="Temurin-17.0.13+11"/>
    <property name="localRepository" value="C:\Users\Or\.m2\repository"/>
    <property name="java.vendor.url.bug" value="https://github.com/adoptium/adoptium-support/issues"/>
    <property name="java.io.tmpdir" value="C:\Users\Or\AppData\Local\Temp\"/>
    <property name="java.version" value="17.0.13"/>
    <property name="user.dir" value="C:\Users\Or\PycharmProjects\SparkingFlow\jobs\java\java-spark"/>
    <property name="os.arch" value="amd64"/>
    <property name="java.vm.specification.name" value="Java Virtual Machine Specification"/>
    <property name="sun.os.patch.level" value=""/>
    <property name="native.encoding" value="Cp1252"/>
    <property name="java.library.path" value="C:\Program Files\Eclipse Adoptium\jdk-17.0.13.11-hotspot\bin;C:\WINDOWS\Sun\Java\bin;C:\WINDOWS\system32;C:\WINDOWS;C:\Program Files\Eclipse Adoptium\jdk-17.0.13.11-hotspot\bin;C:\Users\Or\.pyenv\pyenv-win\bin;C:\Users\Or\.pyenv\pyenv-win\shims;C:\Program Files (x86)\Common Files\Oracle\Java\java8path;C:\Program Files (x86)\Common Files\Oracle\Java\javapath;C:\Program Files\Python312\Scripts\;C:\Program Files\Python312\;C:\Program Files (x86)\VMware\VMware Workstation\bin\;C:\Windows\System32;C:\Windows;C:\Windows\System32\wbem;C:\Windows\System32\WindowsPowerShell\v1.0\;C:\Windows\System32\OpenSSH\;C:\Program Files\Microsoft VS Code\bin;C:\Program Files\nodejs\;C:\ProgramData\chocolatey\bin;C:\Program Files\Git\cmd;C:\Program Files (x86)\GnuPG\bin;C:\Program Files (x86)\Google\Cloud SDK\google-cloud-sdk\bin;C:\Program Files\MiKTeX\miktex\bin\x64\;C:\Strawberry\c\bin;C:\Strawberry\perl\site\bin;C:\Strawberry\perl\bin;C:\Scripts;C:\minikube;C:\Program Files\Docker\Docker\resources\bin;C:\Program Files\Amazon\AWSCLIV2\;C:\Program Files (x86)\sbt\bin;C:\Program Files\Apache\maven\apache-maven-3.9.9\bin;C:\ProgramData\chocolatey\lib\maven\apache-maven-3.9.9\bin;C:\Program Files\Eclipse Adoptium\jdk-17.0.13.11-hotspot\bin;C:\Program Files\Eclipse Adoptium\jdk-17.0.13.11-hotspot\bin;C:\Users\Or\.local\bin;C:\Windows\system32;C:\Windows\System32\Wbem;C:\Program Files (x86)\Gpg4win\..\GnuPG\bin;C:\Windows\system32\config\systemprofile\AppData\Local\Microsoft\WindowsApps;C:\Users\Or\AppData\Local\Google\Cloud SDK\google-cloud-sdk\bin;C:\Program Files\JetBrains\PyCharm 2024.1.4\bin;C:\Program Files\JetBrains\WebStorm 2024.1.5\bin;C:\Program Files\JetBrains\DataGrip 2024.1.4\bin;C:\Program Files\JetBrains\IntelliJ IDEA 2024.1.4\bin;C:\Users\Or\AppData\Local\Programs\Lens\resources\cli\bin;C:\Users\Or\AppData\Roaming\npm;C:\Program Files\Po;C:\Program Files\PostgreSQL\16\bin;C:\Program Files\Lens\resources\cli\bin;C:\Users\Or\AppData\Local\Microsoft\WindowsApps;."/>
    <property name="java.vm.info" value="mixed mode, sharing"/>
    <property name="java.vendor" value="Eclipse Adoptium"/>
    <property name="java.vm.version" value="17.0.13+11"/>
    <property name="java.specification.maintenance.version" value="1"/>
    <property name="sun.io.unicode.encoding" value="UnicodeLittle"/>
    <property name="java.class.version" value="61.0"/>
  </properties>
  <testcase name="testApp" classname="com.airscholar.spark.AppTest" time="0.001"/>
</testsuite>